Determining if the pthread_create exist failed with the following output:
Change Dir: /var/jenkins_home/jobs/test-rubby-sdk-3566/workspace/sdk_plubins/build/CMakeFiles/CMakeTmp

Run Build Command:"/usr/bin/make" "cmTC_28539/fast"
/usr/bin/make -f CMakeFiles/cmTC_28539.dir/build.make CMakeFiles/cmTC_28539.dir/build
make[1]: Entering directory '/home/jenkins/jenkins_home/jobs/test-rubby-sdk-3566/workspace/sdk_plubins/build/CMakeFiles/CMakeTmp'
Building C object CMakeFiles/cmTC_28539.dir/CheckSymbolExists.c.o
/usr/bin/cc    -o CMakeFiles/cmTC_28539.dir/CheckSymbolExists.c.o   -c /var/jenkins_home/jobs/test-rubby-sdk-3566/workspace/sdk_plubins/build/CMakeFiles/CMakeTmp/CheckSymbolExists.c
Linking C executable cmTC_28539
/usr/bin/cmake -E cmake_link_script CMakeFiles/cmTC_28539.dir/link.txt --verbose=1
/usr/bin/cc      -rdynamic CMakeFiles/cmTC_28539.dir/CheckSymbolExists.c.o  -o cmTC_28539 
CMakeFiles/cmTC_28539.dir/CheckSymbolExists.c.o: In function `main':
CheckSymbolExists.c:(.text+0x14): undefined reference to `pthread_create'
CheckSymbolExists.c:(.text+0x18): undefined reference to `pthread_create'
collect2: error: ld returned 1 exit status
CMakeFiles/cmTC_28539.dir/build.make:97: recipe for target 'cmTC_28539' failed
make[1]: *** [cmTC_28539] Error 1
make[1]: Leaving directory '/home/jenkins/jenkins_home/jobs/test-rubby-sdk-3566/workspace/sdk_plubins/build/CMakeFiles/CMakeTmp'
Makefile:126: recipe for target 'cmTC_28539/fast' failed
make: *** [cmTC_28539/fast] Error 2

File /var/jenkins_home/jobs/test-rubby-sdk-3566/workspace/sdk_plubins/build/CMakeFiles/CMakeTmp/CheckSymbolExists.c:
/* */
#include <pthread.h>

int main(int argc, char** argv)
{
  (void)argv;
#ifndef pthread_create
  return ((int*)(&pthread_create))[argc];
#else
  (void)argc;
  return 0;
#endif
}

Determining if the function pthread_create exists in the pthreads failed with the following output:
Change Dir: /var/jenkins_home/jobs/test-rubby-sdk-3566/workspace/sdk_plubins/build/CMakeFiles/CMakeTmp

Run Build Command:"/usr/bin/make" "cmTC_ca8a7/fast"
/usr/bin/make -f CMakeFiles/cmTC_ca8a7.dir/build.make CMakeFiles/cmTC_ca8a7.dir/build
make[1]: Entering directory '/home/jenkins/jenkins_home/jobs/test-rubby-sdk-3566/workspace/sdk_plubins/build/CMakeFiles/CMakeTmp'
Building C object CMakeFiles/cmTC_ca8a7.dir/CheckFunctionExists.c.o
/usr/bin/cc   -DCHECK_FUNCTION_EXISTS=pthread_create   -o CMakeFiles/cmTC_ca8a7.dir/CheckFunctionExists.c.o   -c /usr/share/cmake-3.10/Modules/CheckFunctionExists.c
Linking C executable cmTC_ca8a7
/usr/bin/cmake -E cmake_link_script CMakeFiles/cmTC_ca8a7.dir/link.txt --verbose=1
/usr/bin/cc  -DCHECK_FUNCTION_EXISTS=pthread_create    -rdynamic CMakeFiles/cmTC_ca8a7.dir/CheckFunctionExists.c.o  -o cmTC_ca8a7 -lpthreads 
/usr/bin/ld: cannot find -lpthreads
collect2: error: ld returned 1 exit status
CMakeFiles/cmTC_ca8a7.dir/build.make:97: recipe for target 'cmTC_ca8a7' failed
make[1]: *** [cmTC_ca8a7] Error 1
make[1]: Leaving directory '/home/jenkins/jenkins_home/jobs/test-rubby-sdk-3566/workspace/sdk_plubins/build/CMakeFiles/CMakeTmp'
Makefile:126: recipe for target 'cmTC_ca8a7/fast' failed
make: *** [cmTC_ca8a7/fast] Error 2


