Determining if the pthread_create exist failed with the following output:
Change Dir: /var/jenkins_home/jobs/test-rubby-sdk-3566/workspace/sdk_plubins/build/CMakeFiles/CMakeTmp

Run Build Command:"/usr/bin/make" "cmTC_69f8f/fast"
/usr/bin/make -f CMakeFiles/cmTC_69f8f.dir/build.make CMakeFiles/cmTC_69f8f.dir/build
make[1]: Entering directory '/home/jenkins/jenkins_home/jobs/test-rubby-sdk-3566/workspace/sdk_plubins/build/CMakeFiles/CMakeTmp'
Building C object CMakeFiles/cmTC_69f8f.dir/CheckSymbolExists.c.o
/usr/bin/cc    -o CMakeFiles/cmTC_69f8f.dir/CheckSymbolExists.c.o   -c /var/jenkins_home/jobs/test-rubby-sdk-3566/workspace/sdk_plubins/build/CMakeFiles/CMakeTmp/CheckSymbolExists.c
Linking C executable cmTC_69f8f
/usr/bin/cmake -E cmake_link_script CMakeFiles/cmTC_69f8f.dir/link.txt --verbose=1
/usr/bin/cc      -rdynamic CMakeFiles/cmTC_69f8f.dir/CheckSymbolExists.c.o  -o cmTC_69f8f 
CMakeFiles/cmTC_69f8f.dir/CheckSymbolExists.c.o: In function `main':
CheckSymbolExists.c:(.text+0x14): undefined reference to `pthread_create'
CheckSymbolExists.c:(.text+0x18): undefined reference to `pthread_create'
collect2: error: ld returned 1 exit status
CMakeFiles/cmTC_69f8f.dir/build.make:97: recipe for target 'cmTC_69f8f' failed
make[1]: *** [cmTC_69f8f] Error 1
make[1]: Leaving directory '/home/jenkins/jenkins_home/jobs/test-rubby-sdk-3566/workspace/sdk_plubins/build/CMakeFiles/CMakeTmp'
Makefile:126: recipe for target 'cmTC_69f8f/fast' failed
make: *** [cmTC_69f8f/fast] Error 2

File /var/jenkins_home/jobs/test-rubby-sdk-3566/workspace/sdk_plubins/build/CMakeFiles/CMakeTmp/CheckSymbolExists.c:
/* */
#include <pthread.h>

int main(int argc, char** argv)
{
  (void)argv;
#ifndef pthread_create
  return ((int*)(&pthread_create))[argc];
#else
  (void)argc;
  return 0;
#endif
}

Determining if the function pthread_create exists in the pthreads failed with the following output:
Change Dir: /var/jenkins_home/jobs/test-rubby-sdk-3566/workspace/sdk_plubins/build/CMakeFiles/CMakeTmp

Run Build Command:"/usr/bin/make" "cmTC_adc43/fast"
/usr/bin/make -f CMakeFiles/cmTC_adc43.dir/build.make CMakeFiles/cmTC_adc43.dir/build
make[1]: Entering directory '/home/jenkins/jenkins_home/jobs/test-rubby-sdk-3566/workspace/sdk_plubins/build/CMakeFiles/CMakeTmp'
Building C object CMakeFiles/cmTC_adc43.dir/CheckFunctionExists.c.o
/usr/bin/cc   -DCHECK_FUNCTION_EXISTS=pthread_create   -o CMakeFiles/cmTC_adc43.dir/CheckFunctionExists.c.o   -c /usr/share/cmake-3.10/Modules/CheckFunctionExists.c
Linking C executable cmTC_adc43
/usr/bin/cmake -E cmake_link_script CMakeFiles/cmTC_adc43.dir/link.txt --verbose=1
/usr/bin/cc  -DCHECK_FUNCTION_EXISTS=pthread_create    -rdynamic CMakeFiles/cmTC_adc43.dir/CheckFunctionExists.c.o  -o cmTC_adc43 -lpthreads 
/usr/bin/ld: cannot find -lpthreads
collect2: error: ld returned 1 exit status
CMakeFiles/cmTC_adc43.dir/build.make:97: recipe for target 'cmTC_adc43' failed
make[1]: *** [cmTC_adc43] Error 1
make[1]: Leaving directory '/home/jenkins/jenkins_home/jobs/test-rubby-sdk-3566/workspace/sdk_plubins/build/CMakeFiles/CMakeTmp'
Makefile:126: recipe for target 'cmTC_adc43/fast' failed
make: *** [cmTC_adc43/fast] Error 2


