Determining if the pthread_create exist failed with the following output:
Change Dir: /var/jenkins_home/jobs/rubby-judge_still-405/workspace/judge_still/build/CMakeFiles/CMakeTmp

Run Build Command:"/usr/bin/make" "cmTC_b6b37/fast"
/usr/bin/make -f CMakeFiles/cmTC_b6b37.dir/build.make CMakeFiles/cmTC_b6b37.dir/build
make[1]: Entering directory '/home/jenkins/jenkins_home/jobs/rubby-judge_still-405/workspace/judge_still/build/CMakeFiles/CMakeTmp'
Building C object CMakeFiles/cmTC_b6b37.dir/CheckSymbolExists.c.o
/usr/bin/cc   -Wall   -O3    -o CMakeFiles/cmTC_b6b37.dir/CheckSymbolExists.c.o   -c /var/jenkins_home/jobs/rubby-judge_still-405/workspace/judge_still/build/CMakeFiles/CMakeTmp/CheckSymbolExists.c
Linking C executable cmTC_b6b37
/usr/bin/cmake -E cmake_link_script CMakeFiles/cmTC_b6b37.dir/link.txt --verbose=1
/usr/bin/cc   -Wall   -O3     -rdynamic CMakeFiles/cmTC_b6b37.dir/CheckSymbolExists.c.o  -o cmTC_b6b37 
CMakeFiles/cmTC_b6b37.dir/CheckSymbolExists.c.o: In function `main':
CheckSymbolExists.c:(.text.startup+0x0): undefined reference to `pthread_create'
CheckSymbolExists.c:(.text.startup+0x4): undefined reference to `pthread_create'
collect2: error: ld returned 1 exit status
CMakeFiles/cmTC_b6b37.dir/build.make:97: recipe for target 'cmTC_b6b37' failed
make[1]: *** [cmTC_b6b37] Error 1
make[1]: Leaving directory '/home/jenkins/jenkins_home/jobs/rubby-judge_still-405/workspace/judge_still/build/CMakeFiles/CMakeTmp'
Makefile:126: recipe for target 'cmTC_b6b37/fast' failed
make: *** [cmTC_b6b37/fast] Error 2

File /var/jenkins_home/jobs/rubby-judge_still-405/workspace/judge_still/build/CMakeFiles/CMakeTmp/CheckSymbolExists.c:
/* */
#include <pthread.h>

int main(int argc, char** argv)
{
  (void)argv;
#ifndef pthread_create
  return ((int*)(&pthread_create))[argc];
#else
  (void)argc;
  return 0;
#endif
}

Determining if the function pthread_create exists in the pthreads failed with the following output:
Change Dir: /var/jenkins_home/jobs/rubby-judge_still-405/workspace/judge_still/build/CMakeFiles/CMakeTmp

Run Build Command:"/usr/bin/make" "cmTC_003c6/fast"
/usr/bin/make -f CMakeFiles/cmTC_003c6.dir/build.make CMakeFiles/cmTC_003c6.dir/build
make[1]: Entering directory '/home/jenkins/jenkins_home/jobs/rubby-judge_still-405/workspace/judge_still/build/CMakeFiles/CMakeTmp'
Building C object CMakeFiles/cmTC_003c6.dir/CheckFunctionExists.c.o
/usr/bin/cc   -Wall   -O3 -DCHECK_FUNCTION_EXISTS=pthread_create   -o CMakeFiles/cmTC_003c6.dir/CheckFunctionExists.c.o   -c /usr/share/cmake-3.10/Modules/CheckFunctionExists.c
Linking C executable cmTC_003c6
/usr/bin/cmake -E cmake_link_script CMakeFiles/cmTC_003c6.dir/link.txt --verbose=1
/usr/bin/cc   -Wall   -O3 -DCHECK_FUNCTION_EXISTS=pthread_create    -rdynamic CMakeFiles/cmTC_003c6.dir/CheckFunctionExists.c.o  -o cmTC_003c6 -lpthreads 
/usr/bin/ld: cannot find -lpthreads
collect2: error: ld returned 1 exit status
CMakeFiles/cmTC_003c6.dir/build.make:97: recipe for target 'cmTC_003c6' failed
make[1]: *** [cmTC_003c6] Error 1
make[1]: Leaving directory '/home/jenkins/jenkins_home/jobs/rubby-judge_still-405/workspace/judge_still/build/CMakeFiles/CMakeTmp'
Makefile:126: recipe for target 'cmTC_003c6/fast' failed
make: *** [cmTC_003c6/fast] Error 2


